C:\USERS\ADMINISTRATOR\DESKTOP\0614\SAOLEILEI\SAOLEILEI\DEBUG\SAOLEILEI.OBJ
C:\USERS\ADMINISTRATOR\DESKTOP\0614\SAOLEILEI\SAOLEILEI\DEBUG\VC110.PDB
C:\USERS\ADMINISTRATOR\DESKTOP\0614\SAOLEILEI\DEBUG\SAOLEILEI.ILK
C:\USERS\ADMINISTRATOR\DESKTOP\0614\SAOLEILEI\DEBUG\SAOLEILEI.EXE
C:\USERS\ADMINISTRATOR\DESKTOP\0614\SAOLEILEI\DEBUG\SAOLEILEI.PDB
C:\Users\Administrator\Desktop\0614\saoleilei\saoleilei\Debug\saoleilei.obj
C:\Users\Administrator\Desktop\0614\saoleilei\saoleilei\Debug\cl.command.1.tlog
C:\Users\Administrator\Desktop\0614\saoleilei\saoleilei\Debug\CL.read.1.tlog
C:\Users\Administrator\Desktop\0614\saoleilei\saoleilei\Debug\CL.write.1.tlog
C:\Users\Administrator\Desktop\0614\saoleilei\saoleilei\Debug\link-cvtres.read.1.tlog
C:\Users\Administrator\Desktop\0614\saoleilei\saoleilei\Debug\link-cvtres.write.1.tlog
C:\Users\Administrator\Desktop\0614\saoleilei\saoleilei\Debug\link-rc.read.1.tlog
C:\Users\Administrator\Desktop\0614\saoleilei\saoleilei\Debug\link-rc.write.1.tlog
C:\Users\Administrator\Desktop\0614\saoleilei\saoleilei\Debug\link.command.1.tlog
C:\Users\Administrator\Desktop\0614\saoleilei\saoleilei\Debug\link.read.1.tlog
C:\Users\Administrator\Desktop\0614\saoleilei\saoleilei\Debug\link.write.1.tlog
C:\Users\Administrator\Desktop\0614\saoleilei\saoleilei\Debug\vc110.idb
C:\Users\Administrator\Desktop\0614\saoleilei\saoleilei\Debug\vc110.pdb
C:\Users\Administrator\Desktop\0614\saoleilei\Debug\saoleilei.pdb
C:\Users\Administrator\Desktop\0614\saoleilei\Debug\saoleilei.exe
C:\Users\Administrator\Desktop\0614\saoleilei\Debug\saoleilei.ilk
